Apache Maven 3.2.3 (33f8c3e1027c3ddde99d3cdebad2656a31e8fdf4; 2014-08-11T23:58:10+03:00)
Maven home: /home/jyrki/programs/apache-maven-3.2.3
Java version: 1.7.0_71, vendor: Oracle Corporation
Java home: /usr/lib/jvm/java-1.7.0-openjdk-1.7.0.71-2.5.3.0.fc20.x86_64/jre
Default locale: en_US, platform encoding: UTF-8
OS name: "linux", version: "3.17.2-200.fc20.x86_64", arch: "amd64", family: "unix"
[INFO] Scanning for projects...
[INFO]                                                                         
[INFO] ------------------------------------------------------------------------
[INFO] Building takari-initialization-block-bug 1.0-SNAPSHOT
[INFO] ------------------------------------------------------------------------
[INFO] 
[INFO] --- takari-lifecycle-plugin:1.8.5:process-resources (default-process-resources) @ takari-anonymous-class-java8-bug ---
[INFO] Performing incremental build
[INFO] 
[INFO] --- takari-lifecycle-plugin:1.8.5:compile (default-compile) @ takari-anonymous-class-java8-bug ---
[INFO] Previous incremental build state does not exist, performing full build
[INFO] Compiling 1 sources to /home/jyrki/projects/takari/takari-anonymous-class-java8-bug/takari-initialization-block-bug/target/classes
[INFO] Compiled 1 sources (178 ms)
[INFO] ------------------------------------------------------------------------
[INFO] BUILD SUCCESS
[INFO] ------------------------------------------------------------------------
[INFO] Total time: 0.924 s
[INFO] Finished at: 2014-11-20T09:47:25+02:00
[INFO] Final Memory: 45M/982M
[INFO] ------------------------------------------------------------------------
